<?xml version="1.0" encoding="UTF-8"?>
<!-- Generated by org.testng.reporters.JUnitReportReporter -->
<testsuite hostname="MuguSurfaceBook" failures="0" tests="1" name="tests.HomePage_PizzaHut_test" time="94.216" errors="0" timestamp="2024-05-22T15:11:30 IST" skipped="0">
  <testcase classname="tests.HomePage_PizzaHut_test" name="purchaseOrder" time="94.216"/>
  <system-out/>
</testsuite> <!-- tests.HomePage_PizzaHut_test -->
