<?xml version="1.0" encoding="UTF-8"?>
<!-- Generated by org.testng.reporters.JUnitReportReporter -->
<testsuite hostname="MuguSurfaceBook" failures="0" tests="1" name="tests.HomePage_PizzaHut" time="18.099" errors="0" timestamp="2024-03-29T16:17:19 IST" skipped="0">
  <testcase classname="tests.HomePage_PizzaHut" name="login" time="18.099"/>
  <system-out/>
</testsuite> <!-- tests.HomePage_PizzaHut -->
