<?xml version="1.0" encoding="UTF-8"?>
<!-- Generated by org.testng.reporters.JUnitReportReporter -->
<testsuite hostname="MuguSurfaceBook" failures="0" tests="1" name="tests.HomePage_PizzaHut_test" time="92.019" errors="0" timestamp="2024-05-21T19:45:36 IST" skipped="0">
  <testcase classname="tests.HomePage_PizzaHut_test" name="purchaseOrder" time="92.019"/>
  <system-out/>
</testsuite> <!-- tests.HomePage_PizzaHut_test -->
